**********************
Windows PowerShell transcript start
Start time: 20260407123032
Username: AHMAD\ahmad
RunAs User: AHMAD\ahmad
Configuration Name: 
Machine: AHMAD (Microsoft Windows NT 10.0.26200.0)
Host Application: C:\WINDOWS\System32\WindowsPowerShell\v1.0\powershell.exe -NoExit -ExecutionPolicy Bypass -File .\TPM-CENTRAL-TERMINAL.ps1
Process ID: 12976
PSVersion: 5.1.26100.8115
PSEdition: Desktop
PSCompatibleVersions: 1.0, 2.0, 3.0, 4.0, 5.0, 5.1.26100.8115
BuildVersion: 10.0.26100.8115
CLRVersion: 4.0.30319.42000
WSManStackVersion: 3.0
PSRemotingProtocolVersion: 2.3
SerializationVersion: 1.1.0.1
**********************

========================================
 TPM CENTRAL TERMINAL
 Repo: C:\Users\ahmad\Desktop\trading-pro-max-full
 Session Log: .\logs\session_20260407_123032.log
========================================

استخدم هنا فقط الأوامر التي أرسلها لك.
لإيقاف التسجيل اكتب: Stop-Transcript

